\BOOKMARK [0][-]{chapter.1}{\376\377\0001\000\040\000N\000a\000m\000e\000s\000p\000a\000c\000e\000\040\000I\000n\000d\000e\000x}{}% 1
\BOOKMARK [1][-]{section.1.1}{\376\377\0001\000.\0001\000\040\000N\000a\000m\000e\000s\000p\000a\000c\000e\000\040\000L\000i\000s\000t}{chapter.1}% 2
\BOOKMARK [0][-]{chapter.2}{\376\377\0002\000\040\000F\000i\000l\000e\000\040\000I\000n\000d\000e\000x}{}% 3
\BOOKMARK [1][-]{section.2.1}{\376\377\0002\000.\0001\000\040\000F\000i\000l\000e\000\040\000L\000i\000s\000t}{chapter.2}% 4
\BOOKMARK [0][-]{chapter.3}{\376\377\0003\000\040\000N\000a\000m\000e\000s\000p\000a\000c\000e\000\040\000D\000o\000c\000u\000m\000e\000n\000t\000a\000t\000i\000o\000n}{}% 5
\BOOKMARK [1][-]{section.3.1}{\376\377\0003\000.\0001\000\040\000d\000i\000f\000f\000\040\000N\000a\000m\000e\000s\000p\000a\000c\000e\000\040\000R\000e\000f\000e\000r\000e\000n\000c\000e}{chapter.3}% 6
\BOOKMARK [2][-]{subsection.3.1.1}{\376\377\0003\000.\0001\000.\0001\000\040\000F\000u\000n\000c\000t\000i\000o\000n\000\040\000D\000o\000c\000u\000m\000e\000n\000t\000a\000t\000i\000o\000n}{section.3.1}% 7
\BOOKMARK [3][-]{subsubsection.3.1.1.1}{\376\377\0003\000.\0001\000.\0001\000.\0001\000\040\000c\000a\000l\000c\000u\000l\000a\000t\000e\000d\000i\000s\000t\000a\000n\000c\000e\000\050\000d\000o\000c\000u\000m\000e\000n\000t\000o\000n\000e\000d\000i\000c\000t\000i\000o\000n\000a\000r\000y\000,\000\040\000d\000o\000c\000u\000m\000e\000n\000t\000t\000w\000o\000d\000i\000c\000t\000i\000o\000n\000a\000r\000y\000\051}{subsection.3.1.1}% 8
\BOOKMARK [3][-]{subsubsection.3.1.1.2}{\376\377\0003\000.\0001\000.\0001\000.\0002\000\040\000c\000r\000e\000a\000t\000e\000d\000i\000c\000t\000i\000o\000n\000a\000r\000y\000\050\000f\000i\000l\000e\000p\000a\000t\000h\000\051}{subsection.3.1.1}% 9
\BOOKMARK [3][-]{subsubsection.3.1.1.3}{\376\377\0003\000.\0001\000.\0001\000.\0003\000\040\000e\000n\000s\000u\000r\000e\000d\000i\000r\000\050\000f\000i\000l\000e\000p\000a\000t\000h\000\051}{subsection.3.1.1}% 10
\BOOKMARK [3][-]{subsubsection.3.1.1.4}{\376\377\0003\000.\0001\000.\0001\000.\0004\000\040\000f\000o\000r\000m\000a\000t\000t\000e\000x\000t\000\050\000t\000e\000x\000t\000l\000i\000n\000e\000\051}{subsection.3.1.1}% 11
\BOOKMARK [3][-]{subsubsection.3.1.1.5}{\376\377\0003\000.\0001\000.\0001\000.\0005\000\040\000i\000n\000n\000e\000r\000p\000r\000o\000d\000u\000c\000t\000\050\000d\000o\000c\000u\000m\000e\000n\000t\000o\000n\000e\000d\000i\000c\000t\000i\000o\000n\000a\000r\000y\000,\000\040\000d\000o\000c\000u\000m\000e\000n\000t\000t\000w\000o\000d\000i\000c\000t\000i\000o\000n\000a\000r\000y\000\051}{subsection.3.1.1}% 12
\BOOKMARK [3][-]{subsubsection.3.1.1.6}{\376\377\0003\000.\0001\000.\0001\000.\0006\000\040\000r\000e\000m\000o\000v\000e\000d\000e\000l\000i\000m\000i\000t\000e\000r\000s\000\050\000t\000e\000x\000t\000l\000i\000n\000e\000\051}{subsection.3.1.1}% 13
\BOOKMARK [3][-]{subsubsection.3.1.1.7}{\376\377\0003\000.\0001\000.\0001\000.\0007\000\040\000t\000e\000x\000t\000f\000o\000r\000m\000a\000t\000t\000i\000n\000g\000\050\000m\000y\000d\000i\000c\000t\000i\000o\000n\000a\000r\000y\000\051}{subsection.3.1.1}% 14
\BOOKMARK [2][-]{subsection.3.1.2}{\376\377\0003\000.\0001\000.\0002\000\040\000V\000a\000r\000i\000a\000b\000l\000e\000\040\000D\000o\000c\000u\000m\000e\000n\000t\000a\000t\000i\000o\000n}{section.3.1}% 15
\BOOKMARK [3][-]{subsubsection.3.1.2.1}{\376\377\0003\000.\0001\000.\0002\000.\0001\000\040\000d\000e\000l\000i\000m\000i\000t\000e\000r\000s}{subsection.3.1.2}% 16
\BOOKMARK [3][-]{subsubsection.3.1.2.2}{\376\377\0003\000.\0001\000.\0002\000.\0002\000\040\000d\000o\000c\000u\000m\000e\000n\000t\000d\000i\000c\000t\000i\000o\000n\000a\000r\000y}{subsection.3.1.2}% 17
\BOOKMARK [3][-]{subsubsection.3.1.2.3}{\376\377\0003\000.\0001\000.\0002\000.\0003\000\040\000d\000o\000c\000u\000m\000e\000n\000t\000o\000n\000e\000d\000i\000c\000t\000i\000o\000n\000a\000r\000y}{subsection.3.1.2}% 18
\BOOKMARK [3][-]{subsubsection.3.1.2.4}{\376\377\0003\000.\0001\000.\0002\000.\0004\000\040\000d\000o\000c\000u\000m\000e\000n\000t\000t\000w\000o\000d\000i\000c\000t\000i\000o\000n\000a\000r\000y}{subsection.3.1.2}% 19
\BOOKMARK [3][-]{subsubsection.3.1.2.5}{\376\377\0003\000.\0001\000.\0002\000.\0005\000\040\000d\000o\000c\000u\000m\000e\000n\000t\000w\000o\000r\000d\000c\000o\000u\000n\000t}{subsection.3.1.2}% 20
\BOOKMARK [3][-]{subsubsection.3.1.2.6}{\376\377\0003\000.\0001\000.\0002\000.\0006\000\040\000e\000n\000d}{subsection.3.1.2}% 21
\BOOKMARK [3][-]{subsubsection.3.1.2.7}{\376\377\0003\000.\0001\000.\0002\000.\0007\000\040\000f\000i\000l\000e}{subsection.3.1.2}% 22
\BOOKMARK [3][-]{subsubsection.3.1.2.8}{\376\377\0003\000.\0001\000.\0002\000.\0008\000\040\000f\000i\000l\000e\000i\000n\000d\000e\000x\000o\000n\000e}{subsection.3.1.2}% 23
\BOOKMARK [3][-]{subsubsection.3.1.2.9}{\376\377\0003\000.\0001\000.\0002\000.\0009\000\040\000f\000o\000l\000d\000e\000r\000p\000a\000t\000h}{subsection.3.1.2}% 24
\BOOKMARK [3][-]{subsubsection.3.1.2.10}{\376\377\0003\000.\0001\000.\0002\000.\0001\0000\000\040\000i\000d\000f\000k\000e\000y}{subsection.3.1.2}% 25
\BOOKMARK [3][-]{subsubsection.3.1.2.11}{\376\377\0003\000.\0001\000.\0002\000.\0001\0001\000\040\000o\000u\000t\000p\000u\000t\000f\000o\000l\000d\000e\000r\000p\000a\000t\000h}{subsection.3.1.2}% 26
\BOOKMARK [3][-]{subsubsection.3.1.2.12}{\376\377\0003\000.\0001\000.\0002\000.\0001\0002\000\040\000r\000e\000s\000u\000l\000t}{subsection.3.1.2}% 27
\BOOKMARK [3][-]{subsubsection.3.1.2.13}{\376\377\0003\000.\0001\000.\0002\000.\0001\0003\000\040\000r\000e\000s\000u\000l\000t\000d\000i\000c\000t\000i\000o\000n\000a\000r\000y}{subsection.3.1.2}% 28
\BOOKMARK [3][-]{subsubsection.3.1.2.14}{\376\377\0003\000.\0001\000.\0002\000.\0001\0004\000\040\000r\000e\000s\000u\000l\000t\000f\000i\000l\000e}{subsection.3.1.2}% 29
\BOOKMARK [3][-]{subsubsection.3.1.2.15}{\376\377\0003\000.\0001\000.\0002\000.\0001\0005\000\040\000r\000e\000s\000u\000l\000t\000f\000i\000l\000e\000n\000a\000m\000e}{subsection.3.1.2}% 30
\BOOKMARK [3][-]{subsubsection.3.1.2.16}{\376\377\0003\000.\0001\000.\0002\000.\0001\0006\000\040\000s\000o\000r\000t\000e\000d\000r\000e\000s\000u\000l\000t}{subsection.3.1.2}% 31
\BOOKMARK [3][-]{subsubsection.3.1.2.17}{\376\377\0003\000.\0001\000.\0002\000.\0001\0007\000\040\000s\000t\000a\000r\000t}{subsection.3.1.2}% 32
\BOOKMARK [3][-]{subsubsection.3.1.2.18}{\376\377\0003\000.\0001\000.\0002\000.\0001\0008\000\040\000t\000e\000m\000p\000d\000i\000c\000t\000i\000o\000n\000a\000r\000y}{subsection.3.1.2}% 33
\BOOKMARK [3][-]{subsubsection.3.1.2.19}{\376\377\0003\000.\0001\000.\0002\000.\0001\0009\000\040\000t\000f\000k\000e\000y}{subsection.3.1.2}% 34
\BOOKMARK [0][-]{chapter.4}{\376\377\0004\000\040\000F\000i\000l\000e\000\040\000D\000o\000c\000u\000m\000e\000n\000t\000a\000t\000i\000o\000n}{}% 35
\BOOKMARK [1][-]{section.4.1}{\376\377\0004\000.\0001\000\040\000d\000i\000f\000f\000.\000p\000y\000\040\000F\000i\000l\000e\000\040\000R\000e\000f\000e\000r\000e\000n\000c\000e}{chapter.4}% 36
\BOOKMARK [0][-]{section*.7}{\376\377\000I\000n\000d\000e\000x}{}% 37
